{
    "app_id": "1453158452779024544",
    "details": "Sorry, wish we could go to the moon together",
    "state": "Cant Forget Cyberpunk Edgerunners \ud83d\ude2d\ud83d\ude13",
    "party_current": 0,
    "party_max": 0,
    "timestamp_mode": "local",
    "custom_timestamp": 1766530348,
    "large_image": "cyberpunk_edgr",
    "large_text": "cyberpunk_edgr",
    "small_image": "",
    "small_text": "",
    "buttons": [
        [
            "",
            ""
        ],
        [
            "",
            ""
        ]
    ]
}