{
    "preset_owner": "umapessoa_0",
    "app_id": "1453156156460634204",
    "details": "Getting Played by that one girl \ud83d\ude14",
    "state": "",
    "party_current": 0,
    "party_max": 0,
    "timestamp_mode": "local",
    "custom_timestamp": 1766529792,
    "large_image": "clowned_lol",
    "large_text": "clowned_lol",
    "small_image": "",
    "small_text": "",
    "buttons": [
        [
            "",
            ""
        ],
        [
            "",
            ""
        ]
    ]

}
