{
    "preset_owner": "ponyoniko",
    "app_id": "1245609060825563268",
    "details": "Watching",
    "state": "Movie/Series",
    "party_current": 0,
    "party_max": 0,
    "timestamp_mode": "start",
    "custom_timestamp": 1664493600,
    "large_image": "https://pngimg.com/uploads/netflix/netflix_PNG15.png",
    "large_text": "Netflix",
    "small_image": "",
    "small_text": "",
    "buttons": [
        [
            "",
            ""
        ],
        [
            "",
            ""
        ]
    ]
}


