{
    "app_id": "1403482633786232852",
    "details": "Exploring the dark web",
    "state": "using Tor Browser",
    "party_current": 0,
    "party_max": 0,
    "timestamp_mode": "start",
    "custom_timestamp": 1766361656,
    "large_image": "https://upload.wikimedia.org/wikipedia/commons/thumb/c/c9/Tor_Browser_icon.svg/512px-Tor_Browser_icon.svg.png",
    "large_text": "",
    "small_image": "",
    "small_text": "",
    "buttons": [
        [
            "",
            ""
        ],
        [
            "",
            ""
        ]
    ]
}